[19-May-2024 15:24:18 US/Central] PHP Warning:  Undefined array key "ans1" in /var/www/html/CreightonCovidSurvey/CreightonSurveyWebsite/processSurvey.php on line 37
[19-May-2024 15:24:18 US/Central] PHP Warning:  Undefined array key "ans2" in /var/www/html/CreightonCovidSurvey/CreightonSurveyWebsite/processSurvey.php on line 38
[19-May-2024 15:24:18 US/Central] PHP Warning:  Undefined array key "ans3" in /var/www/html/CreightonCovidSurvey/CreightonSurveyWebsite/processSurvey.php on line 39
[19-May-2024 15:24:18 US/Central] PHP Warning:  Undefined array key "ans4" in /var/www/html/CreightonCovidSurvey/CreightonSurveyWebsite/processSurvey.php on line 40
[19-May-2024 15:24:18 US/Central] PHP Warning:  Undefined array key "ans5" in /var/www/html/CreightonCovidSurvey/CreightonSurveyWebsite/processSurvey.php on line 41
[19-May-2024 15:24:18 US/Central] PHP Warning:  Undefined array key "ans6" in /var/www/html/CreightonCovidSurvey/CreightonSurveyWebsite/processSurvey.php on line 43
[19-May-2024 15:24:18 US/Central] PHP Warning:  Undefined array key "ans7" in /var/www/html/CreightonCovidSurvey/CreightonSurveyWebsite/processSurvey.php on line 44
[19-May-2024 15:24:18 US/Central] PHP Warning:  Undefined array key "ans8" in /var/www/html/CreightonCovidSurvey/CreightonSurveyWebsite/processSurvey.php on line 45
[19-May-2024 15:24:18 US/Central] PHP Warning:  Undefined array key "ans9" in /var/www/html/CreightonCovidSurvey/CreightonSurveyWebsite/processSurvey.php on line 46
[19-May-2024 15:24:18 US/Central] PHP Warning:  Undefined array key "ans10" in /var/www/html/CreightonCovidSurvey/CreightonSurveyWebsite/processSurvey.php on line 47
[19-May-2024 15:24:18 US/Central] PHP Warning:  Undefined array key "ans11" in /var/www/html/CreightonCovidSurvey/CreightonSurveyWebsite/processSurvey.php on line 49
[19-May-2024 15:24:18 US/Central] PHP Warning:  Undefined array key "ans12" in /var/www/html/CreightonCovidSurvey/CreightonSurveyWebsite/processSurvey.php on line 50
[19-May-2024 15:24:18 US/Central] PHP Warning:  Undefined array key "ans13" in /var/www/html/CreightonCovidSurvey/CreightonSurveyWebsite/processSurvey.php on line 51
[19-May-2024 15:24:18 US/Central] PHP Warning:  Undefined array key "ans14" in /var/www/html/CreightonCovidSurvey/CreightonSurveyWebsite/processSurvey.php on line 52
[19-May-2024 15:24:18 US/Central] PHP Warning:  Undefined array key "ans15" in /var/www/html/CreightonCovidSurvey/CreightonSurveyWebsite/processSurvey.php on line 53
[19-May-2024 15:24:18 US/Central] PHP Warning:  Undefined array key "ans16" in /var/www/html/CreightonCovidSurvey/CreightonSurveyWebsite/processSurvey.php on line 55
[19-May-2024 15:24:18 US/Central] PHP Warning:  Undefined array key "ans17" in /var/www/html/CreightonCovidSurvey/CreightonSurveyWebsite/processSurvey.php on line 56
[19-May-2024 15:24:18 US/Central] PHP Warning:  Undefined array key "ans18" in /var/www/html/CreightonCovidSurvey/CreightonSurveyWebsite/processSurvey.php on line 57
[19-May-2024 15:24:18 US/Central] PHP Warning:  Undefined array key "ans19" in /var/www/html/CreightonCovidSurvey/CreightonSurveyWebsite/processSurvey.php on line 58
[19-May-2024 15:24:18 US/Central] PHP Warning:  Undefined array key "ans20" in /var/www/html/CreightonCovidSurvey/CreightonSurveyWebsite/processSurvey.php on line 59
[19-May-2024 15:24:18 US/Central] PHP Warning:  Undefined array key "ans21" in /var/www/html/CreightonCovidSurvey/CreightonSurveyWebsite/processSurvey.php on line 61
[19-May-2024 15:24:18 US/Central] PHP Warning:  Undefined array key "ans22" in /var/www/html/CreightonCovidSurvey/CreightonSurveyWebsite/processSurvey.php on line 62
[19-May-2024 15:24:18 US/Central] PHP Warning:  Undefined array key "ans23" in /var/www/html/CreightonCovidSurvey/CreightonSurveyWebsite/processSurvey.php on line 63
[19-May-2024 15:24:18 US/Central] PHP Warning:  Undefined array key "ans24" in /var/www/html/CreightonCovidSurvey/CreightonSurveyWebsite/processSurvey.php on line 64
[19-May-2024 15:24:18 US/Central] PHP Warning:  Undefined array key "ans25" in /var/www/html/CreightonCovidSurvey/CreightonSurveyWebsite/processSurvey.php on line 65
[19-May-2024 15:24:18 US/Central] PHP Fatal error:  Uncaught mysqli_sql_exception: Table 'gabonsondedb.surveyresults' doesn't exist in /var/www/html/CreightonCovidSurvey/CreightonSurveyWebsite/processSurvey.php:93
Stack trace:
#0 /var/www/html/CreightonCovidSurvey/CreightonSurveyWebsite/processSurvey.php(93): mysqli_query()
#1 /var/www/html/CreightonCovidSurvey/CreightonSurveyWebsite/processSurvey.php(73): insertDataToDB()
#2 /var/www/html/CreightonCovidSurvey/CreightonSurveyWebsite/processSurvey.php(98): calculatePoints()
#3 {main}
  thrown in /var/www/html/CreightonCovidSurvey/CreightonSurveyWebsite/processSurvey.php on line 93
[19-May-2024 15:35:32 US/Central] PHP Warning:  Undefined array key "ans14" in /var/www/html/CreightonCovidSurvey/CreightonSurveyWebsite/processSurvey.php on line 52
[19-May-2024 15:35:32 US/Central] PHP Warning:  Undefined array key "ans15" in /var/www/html/CreightonCovidSurvey/CreightonSurveyWebsite/processSurvey.php on line 53
[19-May-2024 15:35:32 US/Central] PHP Warning:  Undefined array key "ans17" in /var/www/html/CreightonCovidSurvey/CreightonSurveyWebsite/processSurvey.php on line 56
[19-May-2024 15:41:28 US/Central] PHP Warning:  Undefined array key "ans14" in /var/www/html/CreightonCovidSurvey/CreightonSurveyWebsite/processSurvey.php on line 52
[19-May-2024 15:41:28 US/Central] PHP Warning:  Undefined array key "ans15" in /var/www/html/CreightonCovidSurvey/CreightonSurveyWebsite/processSurvey.php on line 53
[19-May-2024 15:41:28 US/Central] PHP Warning:  Undefined array key "ans17" in /var/www/html/CreightonCovidSurvey/CreightonSurveyWebsite/processSurvey.php on line 56
[19-May-2024 15:51:26 US/Central] PHP Warning:  Undefined array key "ans1" in /var/www/html/CreightonCovidSurvey/CreightonSurveyWebsite/processSurvey.php on line 37
[19-May-2024 15:51:26 US/Central] PHP Warning:  Undefined array key "ans2" in /var/www/html/CreightonCovidSurvey/CreightonSurveyWebsite/processSurvey.php on line 38
[19-May-2024 15:51:26 US/Central] PHP Warning:  Undefined array key "ans3" in /var/www/html/CreightonCovidSurvey/CreightonSurveyWebsite/processSurvey.php on line 39
[19-May-2024 15:51:26 US/Central] PHP Warning:  Undefined array key "ans4" in /var/www/html/CreightonCovidSurvey/CreightonSurveyWebsite/processSurvey.php on line 40
[19-May-2024 15:51:26 US/Central] PHP Warning:  Undefined array key "ans5" in /var/www/html/CreightonCovidSurvey/CreightonSurveyWebsite/processSurvey.php on line 41
[19-May-2024 15:51:26 US/Central] PHP Warning:  Undefined array key "ans6" in /var/www/html/CreightonCovidSurvey/CreightonSurveyWebsite/processSurvey.php on line 43
[19-May-2024 15:51:26 US/Central] PHP Warning:  Undefined array key "ans7" in /var/www/html/CreightonCovidSurvey/CreightonSurveyWebsite/processSurvey.php on line 44
[19-May-2024 15:51:26 US/Central] PHP Warning:  Undefined array key "ans8" in /var/www/html/CreightonCovidSurvey/CreightonSurveyWebsite/processSurvey.php on line 45
[19-May-2024 15:51:26 US/Central] PHP Warning:  Undefined array key "ans9" in /var/www/html/CreightonCovidSurvey/CreightonSurveyWebsite/processSurvey.php on line 46
[19-May-2024 15:51:26 US/Central] PHP Warning:  Undefined array key "ans10" in /var/www/html/CreightonCovidSurvey/CreightonSurveyWebsite/processSurvey.php on line 47
[19-May-2024 15:51:26 US/Central] PHP Warning:  Undefined array key "ans11" in /var/www/html/CreightonCovidSurvey/CreightonSurveyWebsite/processSurvey.php on line 49
[19-May-2024 15:51:26 US/Central] PHP Warning:  Undefined array key "ans12" in /var/www/html/CreightonCovidSurvey/CreightonSurveyWebsite/processSurvey.php on line 50
[19-May-2024 15:51:26 US/Central] PHP Warning:  Undefined array key "ans13" in /var/www/html/CreightonCovidSurvey/CreightonSurveyWebsite/processSurvey.php on line 51
[19-May-2024 15:51:26 US/Central] PHP Warning:  Undefined array key "ans14" in /var/www/html/CreightonCovidSurvey/CreightonSurveyWebsite/processSurvey.php on line 52
[19-May-2024 15:51:26 US/Central] PHP Warning:  Undefined array key "ans15" in /var/www/html/CreightonCovidSurvey/CreightonSurveyWebsite/processSurvey.php on line 53
[19-May-2024 15:51:26 US/Central] PHP Warning:  Undefined array key "ans16" in /var/www/html/CreightonCovidSurvey/CreightonSurveyWebsite/processSurvey.php on line 55
[19-May-2024 15:51:26 US/Central] PHP Warning:  Undefined array key "ans17" in /var/www/html/CreightonCovidSurvey/CreightonSurveyWebsite/processSurvey.php on line 56
[19-May-2024 15:51:26 US/Central] PHP Warning:  Undefined array key "ans18" in /var/www/html/CreightonCovidSurvey/CreightonSurveyWebsite/processSurvey.php on line 57
[19-May-2024 15:51:26 US/Central] PHP Warning:  Undefined array key "ans19" in /var/www/html/CreightonCovidSurvey/CreightonSurveyWebsite/processSurvey.php on line 58
[19-May-2024 15:51:26 US/Central] PHP Warning:  Undefined array key "ans20" in /var/www/html/CreightonCovidSurvey/CreightonSurveyWebsite/processSurvey.php on line 59
[19-May-2024 15:51:26 US/Central] PHP Warning:  Undefined array key "ans21" in /var/www/html/CreightonCovidSurvey/CreightonSurveyWebsite/processSurvey.php on line 61
[19-May-2024 15:51:26 US/Central] PHP Warning:  Undefined array key "ans22" in /var/www/html/CreightonCovidSurvey/CreightonSurveyWebsite/processSurvey.php on line 62
[19-May-2024 15:51:26 US/Central] PHP Warning:  Undefined array key "ans23" in /var/www/html/CreightonCovidSurvey/CreightonSurveyWebsite/processSurvey.php on line 63
[19-May-2024 15:51:26 US/Central] PHP Warning:  Undefined array key "ans24" in /var/www/html/CreightonCovidSurvey/CreightonSurveyWebsite/processSurvey.php on line 64
[19-May-2024 15:51:26 US/Central] PHP Warning:  Undefined array key "ans25" in /var/www/html/CreightonCovidSurvey/CreightonSurveyWebsite/processSurvey.php on line 65
[20-May-2024 19:25:00 US/Central] PHP Warning:  Undefined array key "ans1" in /var/www/html/CreightonCovidSurvey/CreightonSurveyWebsite/processSurvey.php on line 37
[20-May-2024 19:25:00 US/Central] PHP Warning:  Undefined array key "ans2" in /var/www/html/CreightonCovidSurvey/CreightonSurveyWebsite/processSurvey.php on line 38
[20-May-2024 19:25:00 US/Central] PHP Warning:  Undefined array key "ans3" in /var/www/html/CreightonCovidSurvey/CreightonSurveyWebsite/processSurvey.php on line 39
[20-May-2024 19:25:00 US/Central] PHP Warning:  Undefined array key "ans4" in /var/www/html/CreightonCovidSurvey/CreightonSurveyWebsite/processSurvey.php on line 40
[20-May-2024 19:25:00 US/Central] PHP Warning:  Undefined array key "ans5" in /var/www/html/CreightonCovidSurvey/CreightonSurveyWebsite/processSurvey.php on line 41
[20-May-2024 19:25:00 US/Central] PHP Warning:  Undefined array key "ans6" in /var/www/html/CreightonCovidSurvey/CreightonSurveyWebsite/processSurvey.php on line 43
[20-May-2024 19:25:00 US/Central] PHP Warning:  Undefined array key "ans7" in /var/www/html/CreightonCovidSurvey/CreightonSurveyWebsite/processSurvey.php on line 44
[20-May-2024 19:25:00 US/Central] PHP Warning:  Undefined array key "ans8" in /var/www/html/CreightonCovidSurvey/CreightonSurveyWebsite/processSurvey.php on line 45
[20-May-2024 19:25:00 US/Central] PHP Warning:  Undefined array key "ans9" in /var/www/html/CreightonCovidSurvey/CreightonSurveyWebsite/processSurvey.php on line 46
[20-May-2024 19:25:00 US/Central] PHP Warning:  Undefined array key "ans10" in /var/www/html/CreightonCovidSurvey/CreightonSurveyWebsite/processSurvey.php on line 47
[20-May-2024 19:25:00 US/Central] PHP Warning:  Undefined array key "ans11" in /var/www/html/CreightonCovidSurvey/CreightonSurveyWebsite/processSurvey.php on line 49
[20-May-2024 19:25:00 US/Central] PHP Warning:  Undefined array key "ans12" in /var/www/html/CreightonCovidSurvey/CreightonSurveyWebsite/processSurvey.php on line 50
[20-May-2024 19:25:00 US/Central] PHP Warning:  Undefined array key "ans13" in /var/www/html/CreightonCovidSurvey/CreightonSurveyWebsite/processSurvey.php on line 51
[20-May-2024 19:25:00 US/Central] PHP Warning:  Undefined array key "ans14" in /var/www/html/CreightonCovidSurvey/CreightonSurveyWebsite/processSurvey.php on line 52
[20-May-2024 19:25:00 US/Central] PHP Warning:  Undefined array key "ans15" in /var/www/html/CreightonCovidSurvey/CreightonSurveyWebsite/processSurvey.php on line 53
[20-May-2024 19:25:00 US/Central] PHP Warning:  Undefined array key "ans16" in /var/www/html/CreightonCovidSurvey/CreightonSurveyWebsite/processSurvey.php on line 55
[20-May-2024 19:25:00 US/Central] PHP Warning:  Undefined array key "ans17" in /var/www/html/CreightonCovidSurvey/CreightonSurveyWebsite/processSurvey.php on line 56
[20-May-2024 19:25:00 US/Central] PHP Warning:  Undefined array key "ans18" in /var/www/html/CreightonCovidSurvey/CreightonSurveyWebsite/processSurvey.php on line 57
[20-May-2024 19:25:00 US/Central] PHP Warning:  Undefined array key "ans19" in /var/www/html/CreightonCovidSurvey/CreightonSurveyWebsite/processSurvey.php on line 58
[20-May-2024 19:25:00 US/Central] PHP Warning:  Undefined array key "ans20" in /var/www/html/CreightonCovidSurvey/CreightonSurveyWebsite/processSurvey.php on line 59
[20-May-2024 19:25:00 US/Central] PHP Warning:  Undefined array key "ans21" in /var/www/html/CreightonCovidSurvey/CreightonSurveyWebsite/processSurvey.php on line 61
[20-May-2024 19:25:00 US/Central] PHP Warning:  Undefined array key "ans22" in /var/www/html/CreightonCovidSurvey/CreightonSurveyWebsite/processSurvey.php on line 62
[20-May-2024 19:25:00 US/Central] PHP Warning:  Undefined array key "ans23" in /var/www/html/CreightonCovidSurvey/CreightonSurveyWebsite/processSurvey.php on line 63
[20-May-2024 19:25:00 US/Central] PHP Warning:  Undefined array key "ans24" in /var/www/html/CreightonCovidSurvey/CreightonSurveyWebsite/processSurvey.php on line 64
[20-May-2024 19:25:00 US/Central] PHP Warning:  Undefined array key "ans25" in /var/www/html/CreightonCovidSurvey/CreightonSurveyWebsite/processSurvey.php on line 65
[21-May-2024 17:18:05 Europe/Berlin] PHP Fatal error:  Uncaught mysqli_sql_exception: You have an error in your SQL syntax; check the manual that corresponds to your MariaDB server version for the right syntax to use near '=''' at line 1 in /var/www/html/CreightonCovidSurvey/CreightonSurveyWebsite/admin.php:124
Stack trace:
#0 /var/www/html/CreightonCovidSurvey/CreightonSurveyWebsite/admin.php(124): mysqli_query()
#1 /var/www/html/CreightonCovidSurvey/CreightonSurveyWebsite/admin.php(49): deleteRecords()
#2 {main}
  thrown in /var/www/html/CreightonCovidSurvey/CreightonSurveyWebsite/admin.php on line 124
[07-Jun-2024 16:07:33 US/Central] PHP Warning:  Undefined array key "ans1" in /var/www/html/CreightonCovidSurvey/CreightonSurveyWebsite/processSurvey.php on line 37
[07-Jun-2024 16:07:33 US/Central] PHP Warning:  Undefined array key "ans2" in /var/www/html/CreightonCovidSurvey/CreightonSurveyWebsite/processSurvey.php on line 38
[07-Jun-2024 16:07:33 US/Central] PHP Warning:  Undefined array key "ans3" in /var/www/html/CreightonCovidSurvey/CreightonSurveyWebsite/processSurvey.php on line 39
[07-Jun-2024 16:07:33 US/Central] PHP Warning:  Undefined array key "ans4" in /var/www/html/CreightonCovidSurvey/CreightonSurveyWebsite/processSurvey.php on line 40
[07-Jun-2024 16:07:33 US/Central] PHP Warning:  Undefined array key "ans5" in /var/www/html/CreightonCovidSurvey/CreightonSurveyWebsite/processSurvey.php on line 41
[07-Jun-2024 16:07:33 US/Central] PHP Warning:  Undefined array key "ans6" in /var/www/html/CreightonCovidSurvey/CreightonSurveyWebsite/processSurvey.php on line 43
[07-Jun-2024 16:07:33 US/Central] PHP Warning:  Undefined array key "ans7" in /var/www/html/CreightonCovidSurvey/CreightonSurveyWebsite/processSurvey.php on line 44
[07-Jun-2024 16:07:33 US/Central] PHP Warning:  Undefined array key "ans8" in /var/www/html/CreightonCovidSurvey/CreightonSurveyWebsite/processSurvey.php on line 45
[07-Jun-2024 16:07:33 US/Central] PHP Warning:  Undefined array key "ans9" in /var/www/html/CreightonCovidSurvey/CreightonSurveyWebsite/processSurvey.php on line 46
[07-Jun-2024 16:07:33 US/Central] PHP Warning:  Undefined array key "ans10" in /var/www/html/CreightonCovidSurvey/CreightonSurveyWebsite/processSurvey.php on line 47
[07-Jun-2024 16:07:33 US/Central] PHP Warning:  Undefined array key "ans11" in /var/www/html/CreightonCovidSurvey/CreightonSurveyWebsite/processSurvey.php on line 49
[07-Jun-2024 16:07:33 US/Central] PHP Warning:  Undefined array key "ans12" in /var/www/html/CreightonCovidSurvey/CreightonSurveyWebsite/processSurvey.php on line 50
[07-Jun-2024 16:07:33 US/Central] PHP Warning:  Undefined array key "ans13" in /var/www/html/CreightonCovidSurvey/CreightonSurveyWebsite/processSurvey.php on line 51
[07-Jun-2024 16:07:33 US/Central] PHP Warning:  Undefined array key "ans14" in /var/www/html/CreightonCovidSurvey/CreightonSurveyWebsite/processSurvey.php on line 52
[07-Jun-2024 16:07:33 US/Central] PHP Warning:  Undefined array key "ans15" in /var/www/html/CreightonCovidSurvey/CreightonSurveyWebsite/processSurvey.php on line 53
[07-Jun-2024 16:07:33 US/Central] PHP Warning:  Undefined array key "ans16" in /var/www/html/CreightonCovidSurvey/CreightonSurveyWebsite/processSurvey.php on line 55
[07-Jun-2024 16:07:33 US/Central] PHP Warning:  Undefined array key "ans17" in /var/www/html/CreightonCovidSurvey/CreightonSurveyWebsite/processSurvey.php on line 56
[07-Jun-2024 16:07:33 US/Central] PHP Warning:  Undefined array key "ans18" in /var/www/html/CreightonCovidSurvey/CreightonSurveyWebsite/processSurvey.php on line 57
[07-Jun-2024 16:07:33 US/Central] PHP Warning:  Undefined array key "ans19" in /var/www/html/CreightonCovidSurvey/CreightonSurveyWebsite/processSurvey.php on line 58
[07-Jun-2024 16:07:33 US/Central] PHP Warning:  Undefined array key "ans20" in /var/www/html/CreightonCovidSurvey/CreightonSurveyWebsite/processSurvey.php on line 59
[07-Jun-2024 16:07:33 US/Central] PHP Warning:  Undefined array key "ans21" in /var/www/html/CreightonCovidSurvey/CreightonSurveyWebsite/processSurvey.php on line 61
[07-Jun-2024 16:07:33 US/Central] PHP Warning:  Undefined array key "ans22" in /var/www/html/CreightonCovidSurvey/CreightonSurveyWebsite/processSurvey.php on line 62
[07-Jun-2024 16:07:33 US/Central] PHP Warning:  Undefined array key "ans23" in /var/www/html/CreightonCovidSurvey/CreightonSurveyWebsite/processSurvey.php on line 63
[07-Jun-2024 16:07:33 US/Central] PHP Warning:  Undefined array key "ans24" in /var/www/html/CreightonCovidSurvey/CreightonSurveyWebsite/processSurvey.php on line 64
[07-Jun-2024 16:07:33 US/Central] PHP Warning:  Undefined array key "ans25" in /var/www/html/CreightonCovidSurvey/CreightonSurveyWebsite/processSurvey.php on line 65
[07-Jun-2024 16:07:48 US/Central] PHP Warning:  Undefined array key "ans1" in /var/www/html/CreightonCovidSurvey/CreightonSurveyWebsite/processSurvey.php on line 37
[07-Jun-2024 16:07:48 US/Central] PHP Warning:  Undefined array key "ans2" in /var/www/html/CreightonCovidSurvey/CreightonSurveyWebsite/processSurvey.php on line 38
[07-Jun-2024 16:07:48 US/Central] PHP Warning:  Undefined array key "ans3" in /var/www/html/CreightonCovidSurvey/CreightonSurveyWebsite/processSurvey.php on line 39
[07-Jun-2024 16:07:48 US/Central] PHP Warning:  Undefined array key "ans4" in /var/www/html/CreightonCovidSurvey/CreightonSurveyWebsite/processSurvey.php on line 40
[07-Jun-2024 16:07:48 US/Central] PHP Warning:  Undefined array key "ans5" in /var/www/html/CreightonCovidSurvey/CreightonSurveyWebsite/processSurvey.php on line 41
[07-Jun-2024 16:07:48 US/Central] PHP Warning:  Undefined array key "ans6" in /var/www/html/CreightonCovidSurvey/CreightonSurveyWebsite/processSurvey.php on line 43
[07-Jun-2024 16:07:48 US/Central] PHP Warning:  Undefined array key "ans7" in /var/www/html/CreightonCovidSurvey/CreightonSurveyWebsite/processSurvey.php on line 44
[07-Jun-2024 16:07:48 US/Central] PHP Warning:  Undefined array key "ans8" in /var/www/html/CreightonCovidSurvey/CreightonSurveyWebsite/processSurvey.php on line 45
[07-Jun-2024 16:07:48 US/Central] PHP Warning:  Undefined array key "ans9" in /var/www/html/CreightonCovidSurvey/CreightonSurveyWebsite/processSurvey.php on line 46
[07-Jun-2024 16:07:48 US/Central] PHP Warning:  Undefined array key "ans10" in /var/www/html/CreightonCovidSurvey/CreightonSurveyWebsite/processSurvey.php on line 47
[07-Jun-2024 16:07:48 US/Central] PHP Warning:  Undefined array key "ans11" in /var/www/html/CreightonCovidSurvey/CreightonSurveyWebsite/processSurvey.php on line 49
[07-Jun-2024 16:07:48 US/Central] PHP Warning:  Undefined array key "ans12" in /var/www/html/CreightonCovidSurvey/CreightonSurveyWebsite/processSurvey.php on line 50
[07-Jun-2024 16:07:48 US/Central] PHP Warning:  Undefined array key "ans13" in /var/www/html/CreightonCovidSurvey/CreightonSurveyWebsite/processSurvey.php on line 51
[07-Jun-2024 16:07:48 US/Central] PHP Warning:  Undefined array key "ans14" in /var/www/html/CreightonCovidSurvey/CreightonSurveyWebsite/processSurvey.php on line 52
[07-Jun-2024 16:07:48 US/Central] PHP Warning:  Undefined array key "ans15" in /var/www/html/CreightonCovidSurvey/CreightonSurveyWebsite/processSurvey.php on line 53
[07-Jun-2024 16:07:48 US/Central] PHP Warning:  Undefined array key "ans16" in /var/www/html/CreightonCovidSurvey/CreightonSurveyWebsite/processSurvey.php on line 55
[07-Jun-2024 16:07:48 US/Central] PHP Warning:  Undefined array key "ans17" in /var/www/html/CreightonCovidSurvey/CreightonSurveyWebsite/processSurvey.php on line 56
[07-Jun-2024 16:07:48 US/Central] PHP Warning:  Undefined array key "ans18" in /var/www/html/CreightonCovidSurvey/CreightonSurveyWebsite/processSurvey.php on line 57
[07-Jun-2024 16:07:48 US/Central] PHP Warning:  Undefined array key "ans19" in /var/www/html/CreightonCovidSurvey/CreightonSurveyWebsite/processSurvey.php on line 58
[07-Jun-2024 16:07:48 US/Central] PHP Warning:  Undefined array key "ans20" in /var/www/html/CreightonCovidSurvey/CreightonSurveyWebsite/processSurvey.php on line 59
[07-Jun-2024 16:07:48 US/Central] PHP Warning:  Undefined array key "ans21" in /var/www/html/CreightonCovidSurvey/CreightonSurveyWebsite/processSurvey.php on line 61
[07-Jun-2024 16:07:48 US/Central] PHP Warning:  Undefined array key "ans22" in /var/www/html/CreightonCovidSurvey/CreightonSurveyWebsite/processSurvey.php on line 62
[07-Jun-2024 16:07:48 US/Central] PHP Warning:  Undefined array key "ans23" in /var/www/html/CreightonCovidSurvey/CreightonSurveyWebsite/processSurvey.php on line 63
[07-Jun-2024 16:07:48 US/Central] PHP Warning:  Undefined array key "ans24" in /var/www/html/CreightonCovidSurvey/CreightonSurveyWebsite/processSurvey.php on line 64
[07-Jun-2024 16:07:48 US/Central] PHP Warning:  Undefined array key "ans25" in /var/www/html/CreightonCovidSurvey/CreightonSurveyWebsite/processSurvey.php on line 65
[07-Jun-2024 16:08:50 US/Central] PHP Warning:  Undefined array key "ans1" in /var/www/html/CreightonCovidSurvey/CreightonSurveyWebsite/processSurvey.php on line 37
[07-Jun-2024 16:08:50 US/Central] PHP Warning:  Undefined array key "ans2" in /var/www/html/CreightonCovidSurvey/CreightonSurveyWebsite/processSurvey.php on line 38
[07-Jun-2024 16:08:50 US/Central] PHP Warning:  Undefined array key "ans3" in /var/www/html/CreightonCovidSurvey/CreightonSurveyWebsite/processSurvey.php on line 39
[07-Jun-2024 16:08:50 US/Central] PHP Warning:  Undefined array key "ans4" in /var/www/html/CreightonCovidSurvey/CreightonSurveyWebsite/processSurvey.php on line 40
[07-Jun-2024 16:08:50 US/Central] PHP Warning:  Undefined array key "ans5" in /var/www/html/CreightonCovidSurvey/CreightonSurveyWebsite/processSurvey.php on line 41
[07-Jun-2024 16:08:50 US/Central] PHP Warning:  Undefined array key "ans6" in /var/www/html/CreightonCovidSurvey/CreightonSurveyWebsite/processSurvey.php on line 43
[07-Jun-2024 16:08:50 US/Central] PHP Warning:  Undefined array key "ans7" in /var/www/html/CreightonCovidSurvey/CreightonSurveyWebsite/processSurvey.php on line 44
[07-Jun-2024 16:08:50 US/Central] PHP Warning:  Undefined array key "ans8" in /var/www/html/CreightonCovidSurvey/CreightonSurveyWebsite/processSurvey.php on line 45
[07-Jun-2024 16:08:50 US/Central] PHP Warning:  Undefined array key "ans9" in /var/www/html/CreightonCovidSurvey/CreightonSurveyWebsite/processSurvey.php on line 46
[07-Jun-2024 16:08:50 US/Central] PHP Warning:  Undefined array key "ans10" in /var/www/html/CreightonCovidSurvey/CreightonSurveyWebsite/processSurvey.php on line 47
[07-Jun-2024 16:08:50 US/Central] PHP Warning:  Undefined array key "ans11" in /var/www/html/CreightonCovidSurvey/CreightonSurveyWebsite/processSurvey.php on line 49
[07-Jun-2024 16:08:50 US/Central] PHP Warning:  Undefined array key "ans12" in /var/www/html/CreightonCovidSurvey/CreightonSurveyWebsite/processSurvey.php on line 50
[07-Jun-2024 16:08:50 US/Central] PHP Warning:  Undefined array key "ans13" in /var/www/html/CreightonCovidSurvey/CreightonSurveyWebsite/processSurvey.php on line 51
[07-Jun-2024 16:08:50 US/Central] PHP Warning:  Undefined array key "ans14" in /var/www/html/CreightonCovidSurvey/CreightonSurveyWebsite/processSurvey.php on line 52
[07-Jun-2024 16:08:50 US/Central] PHP Warning:  Undefined array key "ans15" in /var/www/html/CreightonCovidSurvey/CreightonSurveyWebsite/processSurvey.php on line 53
[07-Jun-2024 16:08:50 US/Central] PHP Warning:  Undefined array key "ans16" in /var/www/html/CreightonCovidSurvey/CreightonSurveyWebsite/processSurvey.php on line 55
[07-Jun-2024 16:08:50 US/Central] PHP Warning:  Undefined array key "ans17" in /var/www/html/CreightonCovidSurvey/CreightonSurveyWebsite/processSurvey.php on line 56
[07-Jun-2024 16:08:50 US/Central] PHP Warning:  Undefined array key "ans18" in /var/www/html/CreightonCovidSurvey/CreightonSurveyWebsite/processSurvey.php on line 57
[07-Jun-2024 16:08:50 US/Central] PHP Warning:  Undefined array key "ans19" in /var/www/html/CreightonCovidSurvey/CreightonSurveyWebsite/processSurvey.php on line 58
[07-Jun-2024 16:08:50 US/Central] PHP Warning:  Undefined array key "ans20" in /var/www/html/CreightonCovidSurvey/CreightonSurveyWebsite/processSurvey.php on line 59
[07-Jun-2024 16:08:50 US/Central] PHP Warning:  Undefined array key "ans21" in /var/www/html/CreightonCovidSurvey/CreightonSurveyWebsite/processSurvey.php on line 61
[07-Jun-2024 16:08:50 US/Central] PHP Warning:  Undefined array key "ans22" in /var/www/html/CreightonCovidSurvey/CreightonSurveyWebsite/processSurvey.php on line 62
[07-Jun-2024 16:08:50 US/Central] PHP Warning:  Undefined array key "ans23" in /var/www/html/CreightonCovidSurvey/CreightonSurveyWebsite/processSurvey.php on line 63
[07-Jun-2024 16:08:50 US/Central] PHP Warning:  Undefined array key "ans24" in /var/www/html/CreightonCovidSurvey/CreightonSurveyWebsite/processSurvey.php on line 64
[07-Jun-2024 16:08:50 US/Central] PHP Warning:  Undefined array key "ans25" in /var/www/html/CreightonCovidSurvey/CreightonSurveyWebsite/processSurvey.php on line 65
